2017-05-22 14:53:19 [ qtp372898106-19:1 ] - [ ERROR ] Failed to deserialize
java.lang.Exception: Failed to deserialize
	at com.gmtool.util.redis.SerializeUtils.deserialize(SerializeUtils.java:40)
	at com.gmtool.service.impl.RedisServiceImpl.get(RedisServiceImpl.java:112)
	at com.gmtool.filter.MenuFilter.doFilter(MenuFilter.java:66)
	at org.eclipse.jetty.servlet.ServletHandler$CachedChain.doFilter(ServletHandler.java:1669)
	at org.eclipse.jetty.servlet.ServletHandler.doHandle(ServletHandler.java:581)
	at org.eclipse.jetty.server.handler.ScopedHandler.handle(ScopedHandler.java:143)
	at org.eclipse.jetty.security.SecurityHandler.handle(SecurityHandler.java:548)
	at org.eclipse.jetty.server.session.SessionHandler.doHandle(SessionHandler.java:226)
	at org.eclipse.jetty.server.handler.ContextHandler.doHandle(ContextHandler.java:1156)
	at org.eclipse.jetty.servlet.ServletHandler.doScope(ServletHandler.java:511)
	at org.eclipse.jetty.server.session.SessionHandler.doScope(SessionHandler.java:185)
	at org.eclipse.jetty.server.handler.ContextHandler.doScope(ContextHandler.java:1088)
	at org.eclipse.jetty.server.handler.ScopedHandler.handle(ScopedHandler.java:141)
	at org.eclipse.jetty.server.handler.ContextHandlerCollection.handle(ContextHandlerCollection.java:213)
	at org.eclipse.jetty.server.handler.HandlerCollection.handle(HandlerCollection.java:109)
	at org.eclipse.jetty.server.handler.HandlerWrapper.handle(HandlerWrapper.java:119)
	at org.eclipse.jetty.server.Server.handle(Server.java:517)
	at org.eclipse.jetty.server.HttpChannel.handle(HttpChannel.java:306)
	at org.eclipse.jetty.server.HttpConnection.onFillable(HttpConnection.java:242)
	at org.eclipse.jetty.io.AbstractConnection$ReadCallback.succeeded(AbstractConnection.java:245)
	at org.eclipse.jetty.io.FillInterest.fillable(FillInterest.java:95)
	at org.eclipse.jetty.io.SelectChannelEndPoint$2.run(SelectChannelEndPoint.java:75)
	at org.eclipse.jetty.util.thread.strategy.ExecuteProduceConsume.produceAndRun(ExecuteProduceConsume.java:213)
	at org.eclipse.jetty.util.thread.strategy.ExecuteProduceConsume.run(ExecuteProduceConsume.java:147)
	at org.eclipse.jetty.util.thread.QueuedThreadPool.runJob(QueuedThreadPool.java:654)
	at org.eclipse.jetty.util.thread.QueuedThreadPool$3.run(QueuedThreadPool.java:572)
	at java.lang.Thread.run(Thread.java:745)
Caused by: java.io.StreamCorruptedException: invalid stream header: 504F4E47
	at java.io.ObjectInputStream.readStreamHeader(ObjectInputStream.java:808)
	at java.io.ObjectInputStream.<init>(ObjectInputStream.java:301)
	at com.gmtool.util.redis.SerializeUtils.deserialize(SerializeUtils.java:29)
	... 26 more
2017-05-22 14:53:23 [ qtp372898106-27:4178 ] - [ ERROR ] Failed to deserialize
java.lang.Exception: Failed to deserialize
	at com.gmtool.util.redis.SerializeUtils.deserialize(SerializeUtils.java:40)
	at com.gmtool.service.impl.RedisServiceImpl.get(RedisServiceImpl.java:112)
	at com.gmtool.filter.MenuFilter.doFilter(MenuFilter.java:66)
	at org.eclipse.jetty.servlet.ServletHandler$CachedChain.doFilter(ServletHandler.java:1669)
	at org.eclipse.jetty.servlet.ServletHandler.doHandle(ServletHandler.java:581)
	at org.eclipse.jetty.server.handler.ScopedHandler.handle(ScopedHandler.java:143)
	at org.eclipse.jetty.security.SecurityHandler.handle(SecurityHandler.java:548)
	at org.eclipse.jetty.server.session.SessionHandler.doHandle(SessionHandler.java:226)
	at org.eclipse.jetty.server.handler.ContextHandler.doHandle(ContextHandler.java:1156)
	at org.eclipse.jetty.servlet.ServletHandler.doScope(ServletHandler.java:511)
	at org.eclipse.jetty.server.session.SessionHandler.doScope(SessionHandler.java:185)
	at org.eclipse.jetty.server.handler.ContextHandler.doScope(ContextHandler.java:1088)
	at org.eclipse.jetty.server.handler.ScopedHandler.handle(ScopedHandler.java:141)
	at org.eclipse.jetty.server.handler.ContextHandlerCollection.handle(ContextHandlerCollection.java:213)
	at org.eclipse.jetty.server.handler.HandlerCollection.handle(HandlerCollection.java:109)
	at org.eclipse.jetty.server.handler.HandlerWrapper.handle(HandlerWrapper.java:119)
	at org.eclipse.jetty.server.Server.handle(Server.java:517)
	at org.eclipse.jetty.server.HttpChannel.handle(HttpChannel.java:306)
	at org.eclipse.jetty.server.HttpConnection.onFillable(HttpConnection.java:242)
	at org.eclipse.jetty.io.AbstractConnection$ReadCallback.succeeded(AbstractConnection.java:245)
	at org.eclipse.jetty.io.FillInterest.fillable(FillInterest.java:95)
	at org.eclipse.jetty.io.SelectChannelEndPoint$2.run(SelectChannelEndPoint.java:75)
	at org.eclipse.jetty.util.thread.strategy.ExecuteProduceConsume.produceAndRun(ExecuteProduceConsume.java:213)
	at org.eclipse.jetty.util.thread.strategy.ExecuteProduceConsume.run(ExecuteProduceConsume.java:147)
	at org.eclipse.jetty.util.thread.QueuedThreadPool.runJob(QueuedThreadPool.java:654)
	at org.eclipse.jetty.util.thread.QueuedThreadPool$3.run(QueuedThreadPool.java:572)
	at java.lang.Thread.run(Thread.java:745)
Caused by: java.io.StreamCorruptedException: invalid stream header: 504F4E47
	at java.io.ObjectInputStream.readStreamHeader(ObjectInputStream.java:808)
	at java.io.ObjectInputStream.<init>(ObjectInputStream.java:301)
	at com.gmtool.util.redis.SerializeUtils.deserialize(SerializeUtils.java:29)
	... 26 more
2017-05-22 14:53:25 [ qtp372898106-23:6174 ] - [ ERROR ] Failed to deserialize
java.lang.Exception: Failed to deserialize
	at com.gmtool.util.redis.SerializeUtils.deserialize(SerializeUtils.java:40)
	at com.gmtool.service.impl.RedisServiceImpl.get(RedisServiceImpl.java:112)
	at com.gmtool.service.impl.SystemServiceImpl.loadAllSysMenu(SystemServiceImpl.java:162)
	at com.gmtool.filter.MenuFilter.doFilter(MenuFilter.java:78)
	at org.eclipse.jetty.servlet.ServletHandler$CachedChain.doFilter(ServletHandler.java:1669)
	at org.eclipse.jetty.servlet.ServletHandler.doHandle(ServletHandler.java:581)
	at org.eclipse.jetty.server.handler.ScopedHandler.handle(ScopedHandler.java:143)
	at org.eclipse.jetty.security.SecurityHandler.handle(SecurityHandler.java:548)
	at org.eclipse.jetty.server.session.SessionHandler.doHandle(SessionHandler.java:226)
	at org.eclipse.jetty.server.handler.ContextHandler.doHandle(ContextHandler.java:1156)
	at org.eclipse.jetty.servlet.ServletHandler.doScope(ServletHandler.java:511)
	at org.eclipse.jetty.server.session.SessionHandler.doScope(SessionHandler.java:185)
	at org.eclipse.jetty.server.handler.ContextHandler.doScope(ContextHandler.java:1088)
	at org.eclipse.jetty.server.handler.ScopedHandler.handle(ScopedHandler.java:141)
	at org.eclipse.jetty.server.handler.ContextHandlerCollection.handle(ContextHandlerCollection.java:213)
	at org.eclipse.jetty.server.handler.HandlerCollection.handle(HandlerCollection.java:109)
	at org.eclipse.jetty.server.handler.HandlerWrapper.handle(HandlerWrapper.java:119)
	at org.eclipse.jetty.server.Server.handle(Server.java:517)
	at org.eclipse.jetty.server.HttpChannel.handle(HttpChannel.java:306)
	at org.eclipse.jetty.server.HttpConnection.onFillable(HttpConnection.java:242)
	at org.eclipse.jetty.io.AbstractConnection$ReadCallback.succeeded(AbstractConnection.java:245)
	at org.eclipse.jetty.io.FillInterest.fillable(FillInterest.java:95)
	at org.eclipse.jetty.io.SelectChannelEndPoint$2.run(SelectChannelEndPoint.java:75)
	at org.eclipse.jetty.util.thread.strategy.ExecuteProduceConsume.produceAndRun(ExecuteProduceConsume.java:213)
	at org.eclipse.jetty.util.thread.strategy.ExecuteProduceConsume.run(ExecuteProduceConsume.java:147)
	at org.eclipse.jetty.util.thread.QueuedThreadPool.runJob(QueuedThreadPool.java:654)
	at org.eclipse.jetty.util.thread.QueuedThreadPool$3.run(QueuedThreadPool.java:572)
	at java.lang.Thread.run(Thread.java:745)
Caused by: java.io.StreamCorruptedException: invalid stream header: 504F4E47
	at java.io.ObjectInputStream.readStreamHeader(ObjectInputStream.java:808)
	at java.io.ObjectInputStream.<init>(ObjectInputStream.java:301)
	at com.gmtool.util.redis.SerializeUtils.deserialize(SerializeUtils.java:29)
	... 27 more
2017-05-22 14:54:06 [ qtp372898106-24:47147 ] - [ ERROR ] Failed to deserialize
java.lang.Exception: Failed to deserialize
	at com.gmtool.util.redis.SerializeUtils.deserialize(SerializeUtils.java:40)
	at com.gmtool.service.impl.RedisServiceImpl.get(RedisServiceImpl.java:112)
	at com.gmtool.filter.MenuFilter.doFilter(MenuFilter.java:66)
	at org.eclipse.jetty.servlet.ServletHandler$CachedChain.doFilter(ServletHandler.java:1669)
	at org.eclipse.jetty.servlet.ServletHandler.doHandle(ServletHandler.java:581)
	at org.eclipse.jetty.server.handler.ScopedHandler.handle(ScopedHandler.java:143)
	at org.eclipse.jetty.security.SecurityHandler.handle(SecurityHandler.java:548)
	at org.eclipse.jetty.server.session.SessionHandler.doHandle(SessionHandler.java:226)
	at org.eclipse.jetty.server.handler.ContextHandler.doHandle(ContextHandler.java:1156)
	at org.eclipse.jetty.servlet.ServletHandler.doScope(ServletHandler.java:511)
	at org.eclipse.jetty.server.session.SessionHandler.doScope(SessionHandler.java:185)
	at org.eclipse.jetty.server.handler.ContextHandler.doScope(ContextHandler.java:1088)
	at org.eclipse.jetty.server.handler.ScopedHandler.handle(ScopedHandler.java:141)
	at org.eclipse.jetty.server.handler.ContextHandlerCollection.handle(ContextHandlerCollection.java:213)
	at org.eclipse.jetty.server.handler.HandlerCollection.handle(HandlerCollection.java:109)
	at org.eclipse.jetty.server.handler.HandlerWrapper.handle(HandlerWrapper.java:119)
	at org.eclipse.jetty.server.Server.handle(Server.java:517)
	at org.eclipse.jetty.server.HttpChannel.handle(HttpChannel.java:306)
	at org.eclipse.jetty.server.HttpConnection.onFillable(HttpConnection.java:242)
	at org.eclipse.jetty.io.AbstractConnection$ReadCallback.succeeded(AbstractConnection.java:245)
	at org.eclipse.jetty.io.FillInterest.fillable(FillInterest.java:95)
	at org.eclipse.jetty.io.SelectChannelEndPoint$2.run(SelectChannelEndPoint.java:75)
	at org.eclipse.jetty.util.thread.strategy.ExecuteProduceConsume.produceAndRun(ExecuteProduceConsume.java:213)
	at org.eclipse.jetty.util.thread.strategy.ExecuteProduceConsume.run(ExecuteProduceConsume.java:147)
	at org.eclipse.jetty.util.thread.QueuedThreadPool.runJob(QueuedThreadPool.java:654)
	at org.eclipse.jetty.util.thread.QueuedThreadPool$3.run(QueuedThreadPool.java:572)
	at java.lang.Thread.run(Thread.java:745)
Caused by: java.io.StreamCorruptedException: invalid stream header: 504F4E47
	at java.io.ObjectInputStream.readStreamHeader(ObjectInputStream.java:808)
	at java.io.ObjectInputStream.<init>(ObjectInputStream.java:301)
	at com.gmtool.util.redis.SerializeUtils.deserialize(SerializeUtils.java:29)
	... 26 more
2017-05-22 14:54:06 [ qtp372898106-23:47156 ] - [ ERROR ] Failed to deserialize
java.lang.Exception: Failed to deserialize
	at com.gmtool.util.redis.SerializeUtils.deserialize(SerializeUtils.java:40)
	at com.gmtool.service.impl.RedisServiceImpl.get(RedisServiceImpl.java:112)
	at com.gmtool.service.impl.AuthServiceImpl.findSysRoleById(AuthServiceImpl.java:318)
	at com.gmtool.service.impl.AuthServiceImpl$$FastClassBySpringCGLIB$$b23ab7db.invoke(<generated>)
	at org.springframework.cglib.proxy.MethodProxy.invoke(MethodProxy.java:204)
	at org.springframework.aop.framework.CglibAopProxy$DynamicAdvisedInterceptor.intercept(CglibAopProxy.java:640)
	at com.gmtool.service.impl.AuthServiceImpl$$EnhancerBySpringCGLIB$$7a4d1f29.findSysRoleById(<generated>)
	at com.gmtool.filter.MenuFilter.doFilter(MenuFilter.java:79)
	at org.eclipse.jetty.servlet.ServletHandler$CachedChain.doFilter(ServletHandler.java:1669)
	at org.eclipse.jetty.servlet.ServletHandler.doHandle(ServletHandler.java:581)
	at org.eclipse.jetty.server.handler.ScopedHandler.handle(ScopedHandler.java:143)
	at org.eclipse.jetty.security.SecurityHandler.handle(SecurityHandler.java:548)
	at org.eclipse.jetty.server.session.SessionHandler.doHandle(SessionHandler.java:226)
	at org.eclipse.jetty.server.handler.ContextHandler.doHandle(ContextHandler.java:1156)
	at org.eclipse.jetty.servlet.ServletHandler.doScope(ServletHandler.java:511)
	at org.eclipse.jetty.server.session.SessionHandler.doScope(SessionHandler.java:185)
	at org.eclipse.jetty.server.handler.ContextHandler.doScope(ContextHandler.java:1088)
	at org.eclipse.jetty.server.handler.ScopedHandler.handle(ScopedHandler.java:141)
	at org.eclipse.jetty.server.handler.ContextHandlerCollection.handle(ContextHandlerCollection.java:213)
	at org.eclipse.jetty.server.handler.HandlerCollection.handle(HandlerCollection.java:109)
	at org.eclipse.jetty.server.handler.HandlerWrapper.handle(HandlerWrapper.java:119)
	at org.eclipse.jetty.server.Server.handle(Server.java:517)
	at org.eclipse.jetty.server.HttpChannel.handle(HttpChannel.java:306)
	at org.eclipse.jetty.server.HttpConnection.onFillable(HttpConnection.java:242)
	at org.eclipse.jetty.io.AbstractConnection$ReadCallback.succeeded(AbstractConnection.java:245)
	at org.eclipse.jetty.io.FillInterest.fillable(FillInterest.java:95)
	at org.eclipse.jetty.io.SelectChannelEndPoint$2.run(SelectChannelEndPoint.java:75)
	at org.eclipse.jetty.util.thread.strategy.ExecuteProduceConsume.produceAndRun(ExecuteProduceConsume.java:213)
	at org.eclipse.jetty.util.thread.strategy.ExecuteProduceConsume.run(ExecuteProduceConsume.java:147)
	at org.eclipse.jetty.util.thread.QueuedThreadPool.runJob(QueuedThreadPool.java:654)
	at org.eclipse.jetty.util.thread.QueuedThreadPool$3.run(QueuedThreadPool.java:572)
	at java.lang.Thread.run(Thread.java:745)
Caused by: java.io.StreamCorruptedException: invalid stream header: 2B4F4B0D
	at java.io.ObjectInputStream.readStreamHeader(ObjectInputStream.java:808)
	at java.io.ObjectInputStream.<init>(ObjectInputStream.java:301)
	at com.gmtool.util.redis.SerializeUtils.deserialize(SerializeUtils.java:29)
	... 31 more
2017-05-22 14:56:11 [ qtp372898106-18:172816 ] - [ ERROR ] Failed to deserialize
java.lang.Exception: Failed to deserialize
	at com.gmtool.util.redis.SerializeUtils.deserialize(SerializeUtils.java:40)
	at com.gmtool.service.impl.RedisServiceImpl.get(RedisServiceImpl.java:112)
	at com.gmtool.service.impl.SystemServiceImpl.loadAllSysMenu(SystemServiceImpl.java:162)
	at com.gmtool.filter.MenuFilter.doFilter(MenuFilter.java:78)
	at org.eclipse.jetty.servlet.ServletHandler$CachedChain.doFilter(ServletHandler.java:1669)
	at org.eclipse.jetty.servlet.ServletHandler.doHandle(ServletHandler.java:581)
	at org.eclipse.jetty.server.handler.ScopedHandler.handle(ScopedHandler.java:143)
	at org.eclipse.jetty.security.SecurityHandler.handle(SecurityHandler.java:548)
	at org.eclipse.jetty.server.session.SessionHandler.doHandle(SessionHandler.java:226)
	at org.eclipse.jetty.server.handler.ContextHandler.doHandle(ContextHandler.java:1156)
	at org.eclipse.jetty.servlet.ServletHandler.doScope(ServletHandler.java:511)
	at org.eclipse.jetty.server.session.SessionHandler.doScope(SessionHandler.java:185)
	at org.eclipse.jetty.server.handler.ContextHandler.doScope(ContextHandler.java:1088)
	at org.eclipse.jetty.server.handler.ScopedHandler.handle(ScopedHandler.java:141)
	at org.eclipse.jetty.server.handler.ContextHandlerCollection.handle(ContextHandlerCollection.java:213)
	at org.eclipse.jetty.server.handler.HandlerCollection.handle(HandlerCollection.java:109)
	at org.eclipse.jetty.server.handler.HandlerWrapper.handle(HandlerWrapper.java:119)
	at org.eclipse.jetty.server.Server.handle(Server.java:517)
	at org.eclipse.jetty.server.HttpChannel.handle(HttpChannel.java:306)
	at org.eclipse.jetty.server.HttpConnection.onFillable(HttpConnection.java:242)
	at org.eclipse.jetty.io.AbstractConnection$ReadCallback.succeeded(AbstractConnection.java:245)
	at org.eclipse.jetty.io.FillInterest.fillable(FillInterest.java:95)
	at org.eclipse.jetty.io.SelectChannelEndPoint$2.run(SelectChannelEndPoint.java:75)
	at org.eclipse.jetty.util.thread.strategy.ExecuteProduceConsume.produceAndRun(ExecuteProduceConsume.java:213)
	at org.eclipse.jetty.util.thread.strategy.ExecuteProduceConsume.run(ExecuteProduceConsume.java:147)
	at org.eclipse.jetty.util.thread.QueuedThreadPool.runJob(QueuedThreadPool.java:654)
	at org.eclipse.jetty.util.thread.QueuedThreadPool$3.run(QueuedThreadPool.java:572)
	at java.lang.Thread.run(Thread.java:745)
Caused by: java.io.StreamCorruptedException: invalid stream header: 504F4E47
	at java.io.ObjectInputStream.readStreamHeader(ObjectInputStream.java:808)
	at java.io.ObjectInputStream.<init>(ObjectInputStream.java:301)
	at com.gmtool.util.redis.SerializeUtils.deserialize(SerializeUtils.java:29)
	... 27 more
2017-05-22 14:56:14 [ qtp372898106-19:174852 ] - [ ERROR ] Failed to deserialize
java.lang.Exception: Failed to deserialize
	at com.gmtool.util.redis.SerializeUtils.deserialize(SerializeUtils.java:40)
	at com.gmtool.service.impl.RedisServiceImpl.get(RedisServiceImpl.java:112)
	at com.gmtool.service.impl.SystemServiceImpl.loadAllSysMenu(SystemServiceImpl.java:162)
	at com.gmtool.filter.MenuFilter.doFilter(MenuFilter.java:78)
	at org.eclipse.jetty.servlet.ServletHandler$CachedChain.doFilter(ServletHandler.java:1669)
	at org.eclipse.jetty.servlet.ServletHandler.doHandle(ServletHandler.java:581)
	at org.eclipse.jetty.server.handler.ScopedHandler.handle(ScopedHandler.java:143)
	at org.eclipse.jetty.security.SecurityHandler.handle(SecurityHandler.java:548)
	at org.eclipse.jetty.server.session.SessionHandler.doHandle(SessionHandler.java:226)
	at org.eclipse.jetty.server.handler.ContextHandler.doHandle(ContextHandler.java:1156)
	at org.eclipse.jetty.servlet.ServletHandler.doScope(ServletHandler.java:511)
	at org.eclipse.jetty.server.session.SessionHandler.doScope(SessionHandler.java:185)
	at org.eclipse.jetty.server.handler.ContextHandler.doScope(ContextHandler.java:1088)
	at org.eclipse.jetty.server.handler.ScopedHandler.handle(ScopedHandler.java:141)
	at org.eclipse.jetty.server.handler.ContextHandlerCollection.handle(ContextHandlerCollection.java:213)
	at org.eclipse.jetty.server.handler.HandlerCollection.handle(HandlerCollection.java:109)
	at org.eclipse.jetty.server.handler.HandlerWrapper.handle(HandlerWrapper.java:119)
	at org.eclipse.jetty.server.Server.handle(Server.java:517)
	at org.eclipse.jetty.server.HttpChannel.handle(HttpChannel.java:306)
	at org.eclipse.jetty.server.HttpConnection.onFillable(HttpConnection.java:242)
	at org.eclipse.jetty.io.AbstractConnection$ReadCallback.succeeded(AbstractConnection.java:245)
	at org.eclipse.jetty.io.FillInterest.fillable(FillInterest.java:95)
	at org.eclipse.jetty.io.SelectChannelEndPoint$2.run(SelectChannelEndPoint.java:75)
	at org.eclipse.jetty.util.thread.strategy.ExecuteProduceConsume.produceAndRun(ExecuteProduceConsume.java:213)
	at org.eclipse.jetty.util.thread.strategy.ExecuteProduceConsume.run(ExecuteProduceConsume.java:147)
	at org.eclipse.jetty.util.thread.QueuedThreadPool.runJob(QueuedThreadPool.java:654)
	at org.eclipse.jetty.util.thread.QueuedThreadPool$3.run(QueuedThreadPool.java:572)
	at java.lang.Thread.run(Thread.java:745)
Caused by: java.io.StreamCorruptedException: invalid stream header: 504F4E47
	at java.io.ObjectInputStream.readStreamHeader(ObjectInputStream.java:808)
	at java.io.ObjectInputStream.<init>(ObjectInputStream.java:301)
	at com.gmtool.util.redis.SerializeUtils.deserialize(SerializeUtils.java:29)
	... 27 more
2017-05-22 14:59:25 [ qtp372898106-26:366528 ] - [ ERROR ] Failed to deserialize
java.lang.Exception: Failed to deserialize
	at com.gmtool.util.redis.SerializeUtils.deserialize(SerializeUtils.java:40)
	at com.gmtool.service.impl.RedisServiceImpl.get(RedisServiceImpl.java:112)
	at com.gmtool.service.impl.SystemServiceImpl.loadAllSysMenu(SystemServiceImpl.java:162)
	at com.gmtool.filter.MenuFilter.doFilter(MenuFilter.java:78)
	at org.eclipse.jetty.servlet.ServletHandler$CachedChain.doFilter(ServletHandler.java:1669)
	at org.eclipse.jetty.servlet.ServletHandler.doHandle(ServletHandler.java:581)
	at org.eclipse.jetty.server.handler.ScopedHandler.handle(ScopedHandler.java:143)
	at org.eclipse.jetty.security.SecurityHandler.handle(SecurityHandler.java:548)
	at org.eclipse.jetty.server.session.SessionHandler.doHandle(SessionHandler.java:226)
	at org.eclipse.jetty.server.handler.ContextHandler.doHandle(ContextHandler.java:1156)
	at org.eclipse.jetty.servlet.ServletHandler.doScope(ServletHandler.java:511)
	at org.eclipse.jetty.server.session.SessionHandler.doScope(SessionHandler.java:185)
	at org.eclipse.jetty.server.handler.ContextHandler.doScope(ContextHandler.java:1088)
	at org.eclipse.jetty.server.handler.ScopedHandler.handle(ScopedHandler.java:141)
	at org.eclipse.jetty.server.handler.ContextHandlerCollection.handle(ContextHandlerCollection.java:213)
	at org.eclipse.jetty.server.handler.HandlerCollection.handle(HandlerCollection.java:109)
	at org.eclipse.jetty.server.handler.HandlerWrapper.handle(HandlerWrapper.java:119)
	at org.eclipse.jetty.server.Server.handle(Server.java:517)
	at org.eclipse.jetty.server.HttpChannel.handle(HttpChannel.java:306)
	at org.eclipse.jetty.server.HttpConnection.onFillable(HttpConnection.java:242)
	at org.eclipse.jetty.io.AbstractConnection$ReadCallback.succeeded(AbstractConnection.java:245)
	at org.eclipse.jetty.io.FillInterest.fillable(FillInterest.java:95)
	at org.eclipse.jetty.io.SelectChannelEndPoint$2.run(SelectChannelEndPoint.java:75)
	at org.eclipse.jetty.util.thread.strategy.ExecuteProduceConsume.produceAndRun(ExecuteProduceConsume.java:213)
	at org.eclipse.jetty.util.thread.strategy.ExecuteProduceConsume.run(ExecuteProduceConsume.java:147)
	at org.eclipse.jetty.util.thread.QueuedThreadPool.runJob(QueuedThreadPool.java:654)
	at org.eclipse.jetty.util.thread.QueuedThreadPool$3.run(QueuedThreadPool.java:572)
	at java.lang.Thread.run(Thread.java:745)
Caused by: java.io.StreamCorruptedException: invalid stream header: 504F4E47
	at java.io.ObjectInputStream.readStreamHeader(ObjectInputStream.java:808)
	at java.io.ObjectInputStream.<init>(ObjectInputStream.java:301)
	at com.gmtool.util.redis.SerializeUtils.deserialize(SerializeUtils.java:29)
	... 27 more
2017-05-22 15:00:16 [ qtp372898106-21:416976 ] - [ ERROR ] Failed to deserialize
java.lang.Exception: Failed to deserialize
	at com.gmtool.util.redis.SerializeUtils.deserialize(SerializeUtils.java:40)
	at com.gmtool.service.impl.RedisServiceImpl.get(RedisServiceImpl.java:112)
	at com.gmtool.service.impl.AuthServiceImpl.findSysRoleById(AuthServiceImpl.java:318)
	at com.gmtool.service.impl.AuthServiceImpl$$FastClassBySpringCGLIB$$b23ab7db.invoke(<generated>)
	at org.springframework.cglib.proxy.MethodProxy.invoke(MethodProxy.java:204)
	at org.springframework.aop.framework.CglibAopProxy$DynamicAdvisedInterceptor.intercept(CglibAopProxy.java:640)
	at com.gmtool.service.impl.AuthServiceImpl$$EnhancerBySpringCGLIB$$7a4d1f29.findSysRoleById(<generated>)
	at com.gmtool.filter.MenuFilter.doFilter(MenuFilter.java:79)
	at org.eclipse.jetty.servlet.ServletHandler$CachedChain.doFilter(ServletHandler.java:1669)
	at org.eclipse.jetty.servlet.ServletHandler.doHandle(ServletHandler.java:581)
	at org.eclipse.jetty.server.handler.ScopedHandler.handle(ScopedHandler.java:143)
	at org.eclipse.jetty.security.SecurityHandler.handle(SecurityHandler.java:548)
	at org.eclipse.jetty.server.session.SessionHandler.doHandle(SessionHandler.java:226)
	at org.eclipse.jetty.server.handler.ContextHandler.doHandle(ContextHandler.java:1156)
	at org.eclipse.jetty.servlet.ServletHandler.doScope(ServletHandler.java:511)
	at org.eclipse.jetty.server.session.SessionHandler.doScope(SessionHandler.java:185)
	at org.eclipse.jetty.server.handler.ContextHandler.doScope(ContextHandler.java:1088)
	at org.eclipse.jetty.server.handler.ScopedHandler.handle(ScopedHandler.java:141)
	at org.eclipse.jetty.server.handler.ContextHandlerCollection.handle(ContextHandlerCollection.java:213)
	at org.eclipse.jetty.server.handler.HandlerCollection.handle(HandlerCollection.java:109)
	at org.eclipse.jetty.server.handler.HandlerWrapper.handle(HandlerWrapper.java:119)
	at org.eclipse.jetty.server.Server.handle(Server.java:517)
	at org.eclipse.jetty.server.HttpChannel.handle(HttpChannel.java:306)
	at org.eclipse.jetty.server.HttpConnection.onFillable(HttpConnection.java:242)
	at org.eclipse.jetty.io.AbstractConnection$ReadCallback.succeeded(AbstractConnection.java:245)
	at org.eclipse.jetty.io.FillInterest.fillable(FillInterest.java:95)
	at org.eclipse.jetty.io.SelectChannelEndPoint$2.run(SelectChannelEndPoint.java:75)
	at org.eclipse.jetty.util.thread.strategy.ExecuteProduceConsume.produceAndRun(ExecuteProduceConsume.java:213)
	at org.eclipse.jetty.util.thread.strategy.ExecuteProduceConsume.run(ExecuteProduceConsume.java:147)
	at org.eclipse.jetty.util.thread.QueuedThreadPool.runJob(QueuedThreadPool.java:654)
	at org.eclipse.jetty.util.thread.QueuedThreadPool$3.run(QueuedThreadPool.java:572)
	at java.lang.Thread.run(Thread.java:745)
Caused by: java.io.StreamCorruptedException: invalid stream header: 504F4E47
	at java.io.ObjectInputStream.readStreamHeader(ObjectInputStream.java:808)
	at java.io.ObjectInputStream.<init>(ObjectInputStream.java:301)
	at com.gmtool.util.redis.SerializeUtils.deserialize(SerializeUtils.java:29)
	... 31 more
2017-05-22 15:01:34 [ qtp372898106-31:495056 ] - [ ERROR ] Failed to deserialize
java.lang.Exception: Failed to deserialize
	at com.gmtool.util.redis.SerializeUtils.deserialize(SerializeUtils.java:40)
	at com.gmtool.service.impl.RedisServiceImpl.get(RedisServiceImpl.java:112)
	at com.gmtool.service.impl.MemberInfoServiceImpl.getRoles(MemberInfoServiceImpl.java:163)
	at com.gmtool.service.pfStats.impl.PfStatsServiceImpl.pfPr(PfStatsServiceImpl.java:86)
	at com.gmtool.controller.pfStats.PfStatsController.pfPr(PfStatsController.java:71)
	at sun.reflect.NativeMethodAccessorImpl.invoke0(Native Method)
	at sun.reflect.NativeMethodAccessorImpl.invoke(NativeMethodAccessorImpl.java:62)
	at sun.reflect.DelegatingMethodAccessorImpl.invoke(DelegatingMethodAccessorImpl.java:43)
	at java.lang.reflect.Method.invoke(Method.java:498)
	at org.springframework.web.method.support.InvocableHandlerMethod.invoke(InvocableHandlerMethod.java:215)
	at org.springframework.web.method.support.InvocableHandlerMethod.invokeForRequest(InvocableHandlerMethod.java:132)
	at org.springframework.web.servlet.mvc.method.annotation.ServletInvocableHandlerMethod.invokeAndHandle(ServletInvocableHandlerMethod.java:104)
	at org.springframework.web.servlet.mvc.method.annotation.RequestMappingHandlerAdapter.invokeHandleMethod(RequestMappingHandlerAdapter.java:749)
	at org.springframework.web.servlet.mvc.method.annotation.RequestMappingHandlerAdapter.handleInternal(RequestMappingHandlerAdapter.java:689)
	at org.springframework.web.servlet.mvc.method.AbstractHandlerMethodAdapter.handle(AbstractHandlerMethodAdapter.java:83)
	at org.springframework.web.servlet.DispatcherServlet.doDispatch(DispatcherServlet.java:938)
	at org.springframework.web.servlet.DispatcherServlet.doService(DispatcherServlet.java:870)
	at org.springframework.web.servlet.FrameworkServlet.processRequest(FrameworkServlet.java:961)
	at org.springframework.web.servlet.FrameworkServlet.doGet(FrameworkServlet.java:852)
	at javax.servlet.http.HttpServlet.service(HttpServlet.java:687)
	at org.springframework.web.servlet.FrameworkServlet.service(FrameworkServlet.java:837)
	at javax.servlet.http.HttpServlet.service(HttpServlet.java:790)
	at org.eclipse.jetty.servlet.ServletHolder.handle(ServletHolder.java:816)
	at org.eclipse.jetty.servlet.ServletHandler$CachedChain.doFilter(ServletHandler.java:1686)
	at org.springframework.web.filter.CharacterEncodingFilter.doFilterInternal(CharacterEncodingFilter.java:88)
	at org.springframework.web.filter.OncePerRequestFilter.doFilter(OncePerRequestFilter.java:107)
	at org.eclipse.jetty.servlet.ServletHandler$CachedChain.doFilter(ServletHandler.java:1669)
	at com.gmtool.filter.MenuFilter.doFilter(MenuFilter.java:117)
	at org.eclipse.jetty.servlet.ServletHandler$CachedChain.doFilter(ServletHandler.java:1669)
	at org.eclipse.jetty.servlet.ServletHandler.doHandle(ServletHandler.java:581)
	at org.eclipse.jetty.server.handler.ScopedHandler.handle(ScopedHandler.java:143)
	at org.eclipse.jetty.security.SecurityHandler.handle(SecurityHandler.java:548)
	at org.eclipse.jetty.server.session.SessionHandler.doHandle(SessionHandler.java:226)
	at org.eclipse.jetty.server.handler.ContextHandler.doHandle(ContextHandler.java:1156)
	at org.eclipse.jetty.servlet.ServletHandler.doScope(ServletHandler.java:511)
	at org.eclipse.jetty.server.session.SessionHandler.doScope(SessionHandler.java:185)
	at org.eclipse.jetty.server.handler.ContextHandler.doScope(ContextHandler.java:1088)
	at org.eclipse.jetty.server.handler.ScopedHandler.handle(ScopedHandler.java:141)
	at org.eclipse.jetty.server.handler.ContextHandlerCollection.handle(ContextHandlerCollection.java:213)
	at org.eclipse.jetty.server.handler.HandlerCollection.handle(HandlerCollection.java:109)
	at org.eclipse.jetty.server.handler.HandlerWrapper.handle(HandlerWrapper.java:119)
	at org.eclipse.jetty.server.Server.handle(Server.java:517)
	at org.eclipse.jetty.server.HttpChannel.handle(HttpChannel.java:306)
	at org.eclipse.jetty.server.HttpConnection.onFillable(HttpConnection.java:242)
	at org.eclipse.jetty.io.AbstractConnection$ReadCallback.succeeded(AbstractConnection.java:245)
	at org.eclipse.jetty.io.FillInterest.fillable(FillInterest.java:95)
	at org.eclipse.jetty.io.SelectChannelEndPoint$2.run(SelectChannelEndPoint.java:75)
	at org.eclipse.jetty.util.thread.strategy.ExecuteProduceConsume.produceAndRun(ExecuteProduceConsume.java:213)
	at org.eclipse.jetty.util.thread.strategy.ExecuteProduceConsume.run(ExecuteProduceConsume.java:147)
	at org.eclipse.jetty.util.thread.QueuedThreadPool.runJob(QueuedThreadPool.java:654)
	at org.eclipse.jetty.util.thread.QueuedThreadPool$3.run(QueuedThreadPool.java:572)
	at java.lang.Thread.run(Thread.java:745)
Caused by: java.io.StreamCorruptedException: invalid stream header: 504F4E47
	at java.io.ObjectInputStream.readStreamHeader(ObjectInputStream.java:808)
	at java.io.ObjectInputStream.<init>(ObjectInputStream.java:301)
	at com.gmtool.util.redis.SerializeUtils.deserialize(SerializeUtils.java:29)
	... 51 more
2017-05-22 15:02:02 [ qtp372898106-34:523670 ] - [ ERROR ] Failed to deserialize
java.lang.Exception: Failed to deserialize
	at com.gmtool.util.redis.SerializeUtils.deserialize(SerializeUtils.java:40)
	at com.gmtool.service.impl.RedisServiceImpl.get(RedisServiceImpl.java:112)
	at com.gmtool.filter.MenuFilter.doFilter(MenuFilter.java:66)
	at org.eclipse.jetty.servlet.ServletHandler$CachedChain.doFilter(ServletHandler.java:1669)
	at org.eclipse.jetty.servlet.ServletHandler.doHandle(ServletHandler.java:581)
	at org.eclipse.jetty.server.handler.ScopedHandler.handle(ScopedHandler.java:143)
	at org.eclipse.jetty.security.SecurityHandler.handle(SecurityHandler.java:548)
	at org.eclipse.jetty.server.session.SessionHandler.doHandle(SessionHandler.java:226)
	at org.eclipse.jetty.server.handler.ContextHandler.doHandle(ContextHandler.java:1156)
	at org.eclipse.jetty.servlet.ServletHandler.doScope(ServletHandler.java:511)
	at org.eclipse.jetty.server.session.SessionHandler.doScope(SessionHandler.java:185)
	at org.eclipse.jetty.server.handler.ContextHandler.doScope(ContextHandler.java:1088)
	at org.eclipse.jetty.server.handler.ScopedHandler.handle(ScopedHandler.java:141)
	at org.eclipse.jetty.server.handler.ContextHandlerCollection.handle(ContextHandlerCollection.java:213)
	at org.eclipse.jetty.server.handler.HandlerCollection.handle(HandlerCollection.java:109)
	at org.eclipse.jetty.server.handler.HandlerWrapper.handle(HandlerWrapper.java:119)
	at org.eclipse.jetty.server.Server.handle(Server.java:517)
	at org.eclipse.jetty.server.HttpChannel.handle(HttpChannel.java:306)
	at org.eclipse.jetty.server.HttpConnection.onFillable(HttpConnection.java:242)
	at org.eclipse.jetty.io.AbstractConnection$ReadCallback.succeeded(AbstractConnection.java:245)
	at org.eclipse.jetty.io.FillInterest.fillable(FillInterest.java:95)
	at org.eclipse.jetty.io.SelectChannelEndPoint$2.run(SelectChannelEndPoint.java:75)
	at org.eclipse.jetty.util.thread.strategy.ExecuteProduceConsume.produceAndRun(ExecuteProduceConsume.java:213)
	at org.eclipse.jetty.util.thread.strategy.ExecuteProduceConsume.run(ExecuteProduceConsume.java:147)
	at org.eclipse.jetty.util.thread.QueuedThreadPool.runJob(QueuedThreadPool.java:654)
	at org.eclipse.jetty.util.thread.QueuedThreadPool$3.run(QueuedThreadPool.java:572)
	at java.lang.Thread.run(Thread.java:745)
Caused by: java.io.StreamCorruptedException: invalid stream header: 504F4E47
	at java.io.ObjectInputStream.readStreamHeader(ObjectInputStream.java:808)
	at java.io.ObjectInputStream.<init>(ObjectInputStream.java:301)
	at com.gmtool.util.redis.SerializeUtils.deserialize(SerializeUtils.java:29)
	... 26 more
2017-05-22 15:02:02 [ qtp372898106-21:523674 ] - [ ERROR ] Failed to deserialize
java.lang.Exception: Failed to deserialize
	at com.gmtool.util.redis.SerializeUtils.deserialize(SerializeUtils.java:40)
	at com.gmtool.service.impl.RedisServiceImpl.get(RedisServiceImpl.java:112)
	at com.gmtool.service.impl.SystemServiceImpl.loadAllSysMenu(SystemServiceImpl.java:162)
	at com.gmtool.filter.MenuFilter.doFilter(MenuFilter.java:78)
	at org.eclipse.jetty.servlet.ServletHandler$CachedChain.doFilter(ServletHandler.java:1669)
	at org.eclipse.jetty.servlet.ServletHandler.doHandle(ServletHandler.java:581)
	at org.eclipse.jetty.server.handler.ScopedHandler.handle(ScopedHandler.java:143)
	at org.eclipse.jetty.security.SecurityHandler.handle(SecurityHandler.java:548)
	at org.eclipse.jetty.server.session.SessionHandler.doHandle(SessionHandler.java:226)
	at org.eclipse.jetty.server.handler.ContextHandler.doHandle(ContextHandler.java:1156)
	at org.eclipse.jetty.servlet.ServletHandler.doScope(ServletHandler.java:511)
	at org.eclipse.jetty.server.session.SessionHandler.doScope(SessionHandler.java:185)
	at org.eclipse.jetty.server.handler.ContextHandler.doScope(ContextHandler.java:1088)
	at org.eclipse.jetty.server.handler.ScopedHandler.handle(ScopedHandler.java:141)
	at org.eclipse.jetty.server.handler.ContextHandlerCollection.handle(ContextHandlerCollection.java:213)
	at org.eclipse.jetty.server.handler.HandlerCollection.handle(HandlerCollection.java:109)
	at org.eclipse.jetty.server.handler.HandlerWrapper.handle(HandlerWrapper.java:119)
	at org.eclipse.jetty.server.Server.handle(Server.java:517)
	at org.eclipse.jetty.server.HttpChannel.handle(HttpChannel.java:306)
	at org.eclipse.jetty.server.HttpConnection.onFillable(HttpConnection.java:242)
	at org.eclipse.jetty.io.AbstractConnection$ReadCallback.succeeded(AbstractConnection.java:245)
	at org.eclipse.jetty.io.FillInterest.fillable(FillInterest.java:95)
	at org.eclipse.jetty.io.SelectChannelEndPoint$2.run(SelectChannelEndPoint.java:75)
	at org.eclipse.jetty.util.thread.strategy.ExecuteProduceConsume.produceAndRun(ExecuteProduceConsume.java:213)
	at org.eclipse.jetty.util.thread.strategy.ExecuteProduceConsume.run(ExecuteProduceConsume.java:147)
	at org.eclipse.jetty.util.thread.QueuedThreadPool.runJob(QueuedThreadPool.java:654)
	at org.eclipse.jetty.util.thread.QueuedThreadPool$3.run(QueuedThreadPool.java:572)
	at java.lang.Thread.run(Thread.java:745)
Caused by: java.io.StreamCorruptedException: invalid stream header: 504F4E47
	at java.io.ObjectInputStream.readStreamHeader(ObjectInputStream.java:808)
	at java.io.ObjectInputStream.<init>(ObjectInputStream.java:301)
	at com.gmtool.util.redis.SerializeUtils.deserialize(SerializeUtils.java:29)
	... 27 more
2017-05-22 15:02:07 [ qtp372898106-19:528370 ] - [ ERROR ] Failed to deserialize
java.lang.Exception: Failed to deserialize
	at com.gmtool.util.redis.SerializeUtils.deserialize(SerializeUtils.java:40)
	at com.gmtool.service.impl.RedisServiceImpl.get(RedisServiceImpl.java:112)
	at com.gmtool.filter.MenuFilter.doFilter(MenuFilter.java:66)
	at org.eclipse.jetty.servlet.ServletHandler$CachedChain.doFilter(ServletHandler.java:1669)
	at org.eclipse.jetty.servlet.ServletHandler.doHandle(ServletHandler.java:581)
	at org.eclipse.jetty.server.handler.ScopedHandler.handle(ScopedHandler.java:143)
	at org.eclipse.jetty.security.SecurityHandler.handle(SecurityHandler.java:548)
	at org.eclipse.jetty.server.session.SessionHandler.doHandle(SessionHandler.java:226)
	at org.eclipse.jetty.server.handler.ContextHandler.doHandle(ContextHandler.java:1156)
	at org.eclipse.jetty.servlet.ServletHandler.doScope(ServletHandler.java:511)
	at org.eclipse.jetty.server.session.SessionHandler.doScope(SessionHandler.java:185)
	at org.eclipse.jetty.server.handler.ContextHandler.doScope(ContextHandler.java:1088)
	at org.eclipse.jetty.server.handler.ScopedHandler.handle(ScopedHandler.java:141)
	at org.eclipse.jetty.server.handler.ContextHandlerCollection.handle(ContextHandlerCollection.java:213)
	at org.eclipse.jetty.server.handler.HandlerCollection.handle(HandlerCollection.java:109)
	at org.eclipse.jetty.server.handler.HandlerWrapper.handle(HandlerWrapper.java:119)
	at org.eclipse.jetty.server.Server.handle(Server.java:517)
	at org.eclipse.jetty.server.HttpChannel.handle(HttpChannel.java:306)
	at org.eclipse.jetty.server.HttpConnection.onFillable(HttpConnection.java:242)
	at org.eclipse.jetty.io.AbstractConnection$ReadCallback.succeeded(AbstractConnection.java:245)
	at org.eclipse.jetty.io.FillInterest.fillable(FillInterest.java:95)
	at org.eclipse.jetty.io.SelectChannelEndPoint$2.run(SelectChannelEndPoint.java:75)
	at org.eclipse.jetty.util.thread.strategy.ExecuteProduceConsume.produceAndRun(ExecuteProduceConsume.java:213)
	at org.eclipse.jetty.util.thread.strategy.ExecuteProduceConsume.run(ExecuteProduceConsume.java:147)
	at org.eclipse.jetty.util.thread.QueuedThreadPool.runJob(QueuedThreadPool.java:654)
	at org.eclipse.jetty.util.thread.QueuedThreadPool$3.run(QueuedThreadPool.java:572)
	at java.lang.Thread.run(Thread.java:745)
Caused by: java.io.StreamCorruptedException: invalid stream header: 504F4E47
	at java.io.ObjectInputStream.readStreamHeader(ObjectInputStream.java:808)
	at java.io.ObjectInputStream.<init>(ObjectInputStream.java:301)
	at com.gmtool.util.redis.SerializeUtils.deserialize(SerializeUtils.java:29)
	... 26 more
2017-05-22 15:02:16 [ qtp372898106-26:537466 ] - [ ERROR ] Failed to deserialize
java.lang.Exception: Failed to deserialize
	at com.gmtool.util.redis.SerializeUtils.deserialize(SerializeUtils.java:40)
	at com.gmtool.service.impl.RedisServiceImpl.get(RedisServiceImpl.java:112)
	at com.gmtool.filter.MenuFilter.doFilter(MenuFilter.java:66)
	at org.eclipse.jetty.servlet.ServletHandler$CachedChain.doFilter(ServletHandler.java:1669)
	at org.eclipse.jetty.servlet.ServletHandler.doHandle(ServletHandler.java:581)
	at org.eclipse.jetty.server.handler.ScopedHandler.handle(ScopedHandler.java:143)
	at org.eclipse.jetty.security.SecurityHandler.handle(SecurityHandler.java:548)
	at org.eclipse.jetty.server.session.SessionHandler.doHandle(SessionHandler.java:226)
	at org.eclipse.jetty.server.handler.ContextHandler.doHandle(ContextHandler.java:1156)
	at org.eclipse.jetty.servlet.ServletHandler.doScope(ServletHandler.java:511)
	at org.eclipse.jetty.server.session.SessionHandler.doScope(SessionHandler.java:185)
	at org.eclipse.jetty.server.handler.ContextHandler.doScope(ContextHandler.java:1088)
	at org.eclipse.jetty.server.handler.ScopedHandler.handle(ScopedHandler.java:141)
	at org.eclipse.jetty.server.handler.ContextHandlerCollection.handle(ContextHandlerCollection.java:213)
	at org.eclipse.jetty.server.handler.HandlerCollection.handle(HandlerCollection.java:109)
	at org.eclipse.jetty.server.handler.HandlerWrapper.handle(HandlerWrapper.java:119)
	at org.eclipse.jetty.server.Server.handle(Server.java:517)
	at org.eclipse.jetty.server.HttpChannel.handle(HttpChannel.java:306)
	at org.eclipse.jetty.server.HttpConnection.onFillable(HttpConnection.java:242)
	at org.eclipse.jetty.io.AbstractConnection$ReadCallback.succeeded(AbstractConnection.java:245)
	at org.eclipse.jetty.io.FillInterest.fillable(FillInterest.java:95)
	at org.eclipse.jetty.io.SelectChannelEndPoint$2.run(SelectChannelEndPoint.java:75)
	at org.eclipse.jetty.util.thread.strategy.ExecuteProduceConsume.produceAndRun(ExecuteProduceConsume.java:213)
	at org.eclipse.jetty.util.thread.strategy.ExecuteProduceConsume.run(ExecuteProduceConsume.java:147)
	at org.eclipse.jetty.util.thread.QueuedThreadPool.runJob(QueuedThreadPool.java:654)
	at org.eclipse.jetty.util.thread.QueuedThreadPool$3.run(QueuedThreadPool.java:572)
	at java.lang.Thread.run(Thread.java:745)
Caused by: java.io.StreamCorruptedException: invalid stream header: 504F4E47
	at java.io.ObjectInputStream.readStreamHeader(ObjectInputStream.java:808)
	at java.io.ObjectInputStream.<init>(ObjectInputStream.java:301)
	at com.gmtool.util.redis.SerializeUtils.deserialize(SerializeUtils.java:29)
	... 26 more
2017-05-22 15:06:17 [ qtp372898106-18:778765 ] - [ ERROR ] Failed to deserialize
java.lang.Exception: Failed to deserialize
	at com.gmtool.util.redis.SerializeUtils.deserialize(SerializeUtils.java:40)
	at com.gmtool.service.impl.RedisServiceImpl.get(RedisServiceImpl.java:112)
	at com.gmtool.filter.MenuFilter.doFilter(MenuFilter.java:66)
	at org.eclipse.jetty.servlet.ServletHandler$CachedChain.doFilter(ServletHandler.java:1669)
	at org.eclipse.jetty.servlet.ServletHandler.doHandle(ServletHandler.java:581)
	at org.eclipse.jetty.server.handler.ScopedHandler.handle(ScopedHandler.java:143)
	at org.eclipse.jetty.security.SecurityHandler.handle(SecurityHandler.java:548)
	at org.eclipse.jetty.server.session.SessionHandler.doHandle(SessionHandler.java:226)
	at org.eclipse.jetty.server.handler.ContextHandler.doHandle(ContextHandler.java:1156)
	at org.eclipse.jetty.servlet.ServletHandler.doScope(ServletHandler.java:511)
	at org.eclipse.jetty.server.session.SessionHandler.doScope(SessionHandler.java:185)
	at org.eclipse.jetty.server.handler.ContextHandler.doScope(ContextHandler.java:1088)
	at org.eclipse.jetty.server.handler.ScopedHandler.handle(ScopedHandler.java:141)
	at org.eclipse.jetty.server.handler.ContextHandlerCollection.handle(ContextHandlerCollection.java:213)
	at org.eclipse.jetty.server.handler.HandlerCollection.handle(HandlerCollection.java:109)
	at org.eclipse.jetty.server.handler.HandlerWrapper.handle(HandlerWrapper.java:119)
	at org.eclipse.jetty.server.Server.handle(Server.java:517)
	at org.eclipse.jetty.server.HttpChannel.handle(HttpChannel.java:306)
	at org.eclipse.jetty.server.HttpConnection.onFillable(HttpConnection.java:242)
	at org.eclipse.jetty.io.AbstractConnection$ReadCallback.succeeded(AbstractConnection.java:245)
	at org.eclipse.jetty.io.FillInterest.fillable(FillInterest.java:95)
	at org.eclipse.jetty.io.SelectChannelEndPoint$2.run(SelectChannelEndPoint.java:75)
	at org.eclipse.jetty.util.thread.strategy.ExecuteProduceConsume.produceAndRun(ExecuteProduceConsume.java:213)
	at org.eclipse.jetty.util.thread.strategy.ExecuteProduceConsume.run(ExecuteProduceConsume.java:147)
	at org.eclipse.jetty.util.thread.QueuedThreadPool.runJob(QueuedThreadPool.java:654)
	at org.eclipse.jetty.util.thread.QueuedThreadPool$3.run(QueuedThreadPool.java:572)
	at java.lang.Thread.run(Thread.java:745)
Caused by: java.io.StreamCorruptedException: invalid stream header: 504F4E47
	at java.io.ObjectInputStream.readStreamHeader(ObjectInputStream.java:808)
	at java.io.ObjectInputStream.<init>(ObjectInputStream.java:301)
	at com.gmtool.util.redis.SerializeUtils.deserialize(SerializeUtils.java:29)
	... 26 more
2017-05-22 15:08:28 [ qtp372898106-37:909777 ] - [ ERROR ] Failed to deserialize
java.lang.Exception: Failed to deserialize
	at com.gmtool.util.redis.SerializeUtils.deserialize(SerializeUtils.java:40)
	at com.gmtool.service.impl.RedisServiceImpl.get(RedisServiceImpl.java:112)
	at com.gmtool.service.impl.AuthServiceImpl.findSysRoleById(AuthServiceImpl.java:318)
	at com.gmtool.service.impl.AuthServiceImpl$$FastClassBySpringCGLIB$$b23ab7db.invoke(<generated>)
	at org.springframework.cglib.proxy.MethodProxy.invoke(MethodProxy.java:204)
	at org.springframework.aop.framework.CglibAopProxy$DynamicAdvisedInterceptor.intercept(CglibAopProxy.java:640)
	at com.gmtool.service.impl.AuthServiceImpl$$EnhancerBySpringCGLIB$$7a4d1f29.findSysRoleById(<generated>)
	at com.gmtool.filter.MenuFilter.doFilter(MenuFilter.java:79)
	at org.eclipse.jetty.servlet.ServletHandler$CachedChain.doFilter(ServletHandler.java:1669)
	at org.eclipse.jetty.servlet.ServletHandler.doHandle(ServletHandler.java:581)
	at org.eclipse.jetty.server.handler.ScopedHandler.handle(ScopedHandler.java:143)
	at org.eclipse.jetty.security.SecurityHandler.handle(SecurityHandler.java:548)
	at org.eclipse.jetty.server.session.SessionHandler.doHandle(SessionHandler.java:226)
	at org.eclipse.jetty.server.handler.ContextHandler.doHandle(ContextHandler.java:1156)
	at org.eclipse.jetty.servlet.ServletHandler.doScope(ServletHandler.java:511)
	at org.eclipse.jetty.server.session.SessionHandler.doScope(SessionHandler.java:185)
	at org.eclipse.jetty.server.handler.ContextHandler.doScope(ContextHandler.java:1088)
	at org.eclipse.jetty.server.handler.ScopedHandler.handle(ScopedHandler.java:141)
	at org.eclipse.jetty.server.handler.ContextHandlerCollection.handle(ContextHandlerCollection.java:213)
	at org.eclipse.jetty.server.handler.HandlerCollection.handle(HandlerCollection.java:109)
	at org.eclipse.jetty.server.handler.HandlerWrapper.handle(HandlerWrapper.java:119)
	at org.eclipse.jetty.server.Server.handle(Server.java:517)
	at org.eclipse.jetty.server.HttpChannel.handle(HttpChannel.java:306)
	at org.eclipse.jetty.server.HttpConnection.onFillable(HttpConnection.java:242)
	at org.eclipse.jetty.io.AbstractConnection$ReadCallback.succeeded(AbstractConnection.java:245)
	at org.eclipse.jetty.io.FillInterest.fillable(FillInterest.java:95)
	at org.eclipse.jetty.io.SelectChannelEndPoint$2.run(SelectChannelEndPoint.java:75)
	at org.eclipse.jetty.util.thread.strategy.ExecuteProduceConsume.produceAndRun(ExecuteProduceConsume.java:213)
	at org.eclipse.jetty.util.thread.strategy.ExecuteProduceConsume.run(ExecuteProduceConsume.java:147)
	at org.eclipse.jetty.util.thread.QueuedThreadPool.runJob(QueuedThreadPool.java:654)
	at org.eclipse.jetty.util.thread.QueuedThreadPool$3.run(QueuedThreadPool.java:572)
	at java.lang.Thread.run(Thread.java:745)
Caused by: java.io.StreamCorruptedException: invalid stream header: 504F4E47
	at java.io.ObjectInputStream.readStreamHeader(ObjectInputStream.java:808)
	at java.io.ObjectInputStream.<init>(ObjectInputStream.java:301)
	at com.gmtool.util.redis.SerializeUtils.deserialize(SerializeUtils.java:29)
	... 31 more
2017-05-22 15:08:36 [ qtp372898106-41:916943 ] - [ ERROR ] Failed to deserialize
java.lang.Exception: Failed to deserialize
	at com.gmtool.util.redis.SerializeUtils.deserialize(SerializeUtils.java:40)
	at com.gmtool.service.impl.RedisServiceImpl.get(RedisServiceImpl.java:112)
	at com.gmtool.filter.MenuFilter.doFilter(MenuFilter.java:66)
	at org.eclipse.jetty.servlet.ServletHandler$CachedChain.doFilter(ServletHandler.java:1669)
	at org.eclipse.jetty.servlet.ServletHandler.doHandle(ServletHandler.java:581)
	at org.eclipse.jetty.server.handler.ScopedHandler.handle(ScopedHandler.java:143)
	at org.eclipse.jetty.security.SecurityHandler.handle(SecurityHandler.java:548)
	at org.eclipse.jetty.server.session.SessionHandler.doHandle(SessionHandler.java:226)
	at org.eclipse.jetty.server.handler.ContextHandler.doHandle(ContextHandler.java:1156)
	at org.eclipse.jetty.servlet.ServletHandler.doScope(ServletHandler.java:511)
	at org.eclipse.jetty.server.session.SessionHandler.doScope(SessionHandler.java:185)
	at org.eclipse.jetty.server.handler.ContextHandler.doScope(ContextHandler.java:1088)
	at org.eclipse.jetty.server.handler.ScopedHandler.handle(ScopedHandler.java:141)
	at org.eclipse.jetty.server.handler.ContextHandlerCollection.handle(ContextHandlerCollection.java:213)
	at org.eclipse.jetty.server.handler.HandlerCollection.handle(HandlerCollection.java:109)
	at org.eclipse.jetty.server.handler.HandlerWrapper.handle(HandlerWrapper.java:119)
	at org.eclipse.jetty.server.Server.handle(Server.java:517)
	at org.eclipse.jetty.server.HttpChannel.handle(HttpChannel.java:306)
	at org.eclipse.jetty.server.HttpConnection.onFillable(HttpConnection.java:242)
	at org.eclipse.jetty.io.AbstractConnection$ReadCallback.succeeded(AbstractConnection.java:245)
	at org.eclipse.jetty.io.FillInterest.fillable(FillInterest.java:95)
	at org.eclipse.jetty.io.SelectChannelEndPoint$2.run(SelectChannelEndPoint.java:75)
	at org.eclipse.jetty.util.thread.strategy.ExecuteProduceConsume.produceAndRun(ExecuteProduceConsume.java:213)
	at org.eclipse.jetty.util.thread.strategy.ExecuteProduceConsume.run(ExecuteProduceConsume.java:147)
	at org.eclipse.jetty.util.thread.QueuedThreadPool.runJob(QueuedThreadPool.java:654)
	at org.eclipse.jetty.util.thread.QueuedThreadPool$3.run(QueuedThreadPool.java:572)
	at java.lang.Thread.run(Thread.java:745)
Caused by: java.io.StreamCorruptedException: invalid stream header: 504F4E47
	at java.io.ObjectInputStream.readStreamHeader(ObjectInputStream.java:808)
	at java.io.ObjectInputStream.<init>(ObjectInputStream.java:301)
	at com.gmtool.util.redis.SerializeUtils.deserialize(SerializeUtils.java:29)
	... 26 more
2017-05-22 15:08:36 [ qtp372898106-32:916950 ] - [ ERROR ] Failed to deserialize
java.lang.Exception: Failed to deserialize
	at com.gmtool.util.redis.SerializeUtils.deserialize(SerializeUtils.java:40)
	at com.gmtool.service.impl.RedisServiceImpl.get(RedisServiceImpl.java:112)
	at com.gmtool.service.impl.SystemServiceImpl.loadAllSysMenu(SystemServiceImpl.java:162)
	at com.gmtool.filter.MenuFilter.doFilter(MenuFilter.java:78)
	at org.eclipse.jetty.servlet.ServletHandler$CachedChain.doFilter(ServletHandler.java:1669)
	at org.eclipse.jetty.servlet.ServletHandler.doHandle(ServletHandler.java:581)
	at org.eclipse.jetty.server.handler.ScopedHandler.handle(ScopedHandler.java:143)
	at org.eclipse.jetty.security.SecurityHandler.handle(SecurityHandler.java:548)
	at org.eclipse.jetty.server.session.SessionHandler.doHandle(SessionHandler.java:226)
	at org.eclipse.jetty.server.handler.ContextHandler.doHandle(ContextHandler.java:1156)
	at org.eclipse.jetty.servlet.ServletHandler.doScope(ServletHandler.java:511)
	at org.eclipse.jetty.server.session.SessionHandler.doScope(SessionHandler.java:185)
	at org.eclipse.jetty.server.handler.ContextHandler.doScope(ContextHandler.java:1088)
	at org.eclipse.jetty.server.handler.ScopedHandler.handle(ScopedHandler.java:141)
	at org.eclipse.jetty.server.handler.ContextHandlerCollection.handle(ContextHandlerCollection.java:213)
	at org.eclipse.jetty.server.handler.HandlerCollection.handle(HandlerCollection.java:109)
	at org.eclipse.jetty.server.handler.HandlerWrapper.handle(HandlerWrapper.java:119)
	at org.eclipse.jetty.server.Server.handle(Server.java:517)
	at org.eclipse.jetty.server.HttpChannel.handle(HttpChannel.java:306)
	at org.eclipse.jetty.server.HttpConnection.onFillable(HttpConnection.java:242)
	at org.eclipse.jetty.io.AbstractConnection$ReadCallback.succeeded(AbstractConnection.java:245)
	at org.eclipse.jetty.io.FillInterest.fillable(FillInterest.java:95)
	at org.eclipse.jetty.io.SelectChannelEndPoint$2.run(SelectChannelEndPoint.java:75)
	at org.eclipse.jetty.util.thread.strategy.ExecuteProduceConsume.produceAndRun(ExecuteProduceConsume.java:213)
	at org.eclipse.jetty.util.thread.strategy.ExecuteProduceConsume.run(ExecuteProduceConsume.java:147)
	at org.eclipse.jetty.util.thread.QueuedThreadPool.runJob(QueuedThreadPool.java:654)
	at org.eclipse.jetty.util.thread.QueuedThreadPool$3.run(QueuedThreadPool.java:572)
	at java.lang.Thread.run(Thread.java:745)
Caused by: java.io.StreamCorruptedException: invalid stream header: 504F4E47
	at java.io.ObjectInputStream.readStreamHeader(ObjectInputStream.java:808)
	at java.io.ObjectInputStream.<init>(ObjectInputStream.java:301)
	at com.gmtool.util.redis.SerializeUtils.deserialize(SerializeUtils.java:29)
	... 27 more
2017-05-22 15:08:51 [ qtp372898106-39:932705 ] - [ ERROR ] Failed to deserialize
java.lang.Exception: Failed to deserialize
	at com.gmtool.util.redis.SerializeUtils.deserialize(SerializeUtils.java:40)
	at com.gmtool.service.impl.RedisServiceImpl.get(RedisServiceImpl.java:112)
	at com.gmtool.filter.MenuFilter.doFilter(MenuFilter.java:66)
	at org.eclipse.jetty.servlet.ServletHandler$CachedChain.doFilter(ServletHandler.java:1669)
	at org.eclipse.jetty.servlet.ServletHandler.doHandle(ServletHandler.java:581)
	at org.eclipse.jetty.server.handler.ScopedHandler.handle(ScopedHandler.java:143)
	at org.eclipse.jetty.security.SecurityHandler.handle(SecurityHandler.java:548)
	at org.eclipse.jetty.server.session.SessionHandler.doHandle(SessionHandler.java:226)
	at org.eclipse.jetty.server.handler.ContextHandler.doHandle(ContextHandler.java:1156)
	at org.eclipse.jetty.servlet.ServletHandler.doScope(ServletHandler.java:511)
	at org.eclipse.jetty.server.session.SessionHandler.doScope(SessionHandler.java:185)
	at org.eclipse.jetty.server.handler.ContextHandler.doScope(ContextHandler.java:1088)
	at org.eclipse.jetty.server.handler.ScopedHandler.handle(ScopedHandler.java:141)
	at org.eclipse.jetty.server.handler.ContextHandlerCollection.handle(ContextHandlerCollection.java:213)
	at org.eclipse.jetty.server.handler.HandlerCollection.handle(HandlerCollection.java:109)
	at org.eclipse.jetty.server.handler.HandlerWrapper.handle(HandlerWrapper.java:119)
	at org.eclipse.jetty.server.Server.handle(Server.java:517)
	at org.eclipse.jetty.server.HttpChannel.handle(HttpChannel.java:306)
	at org.eclipse.jetty.server.HttpConnection.onFillable(HttpConnection.java:242)
	at org.eclipse.jetty.io.AbstractConnection$ReadCallback.succeeded(AbstractConnection.java:245)
	at org.eclipse.jetty.io.FillInterest.fillable(FillInterest.java:95)
	at org.eclipse.jetty.io.SelectChannelEndPoint$2.run(SelectChannelEndPoint.java:75)
	at org.eclipse.jetty.util.thread.strategy.ExecuteProduceConsume.produceAndRun(ExecuteProduceConsume.java:213)
	at org.eclipse.jetty.util.thread.strategy.ExecuteProduceConsume.run(ExecuteProduceConsume.java:147)
	at org.eclipse.jetty.util.thread.QueuedThreadPool.runJob(QueuedThreadPool.java:654)
	at org.eclipse.jetty.util.thread.QueuedThreadPool$3.run(QueuedThreadPool.java:572)
	at java.lang.Thread.run(Thread.java:745)
Caused by: java.io.StreamCorruptedException: invalid stream header: 504F4E47
	at java.io.ObjectInputStream.readStreamHeader(ObjectInputStream.java:808)
	at java.io.ObjectInputStream.<init>(ObjectInputStream.java:301)
	at com.gmtool.util.redis.SerializeUtils.deserialize(SerializeUtils.java:29)
	... 26 more
2017-05-22 15:08:53 [ qtp372898106-37:934735 ] - [ ERROR ] Failed to deserialize
java.lang.Exception: Failed to deserialize
	at com.gmtool.util.redis.SerializeUtils.deserialize(SerializeUtils.java:40)
	at com.gmtool.service.impl.RedisServiceImpl.get(RedisServiceImpl.java:112)
	at com.gmtool.service.impl.AuthServiceImpl.findSysRoleById(AuthServiceImpl.java:318)
	at com.gmtool.service.impl.AuthServiceImpl$$FastClassBySpringCGLIB$$b23ab7db.invoke(<generated>)
	at org.springframework.cglib.proxy.MethodProxy.invoke(MethodProxy.java:204)
	at org.springframework.aop.framework.CglibAopProxy$DynamicAdvisedInterceptor.intercept(CglibAopProxy.java:640)
	at com.gmtool.service.impl.AuthServiceImpl$$EnhancerBySpringCGLIB$$7a4d1f29.findSysRoleById(<generated>)
	at com.gmtool.filter.MenuFilter.doFilter(MenuFilter.java:79)
	at org.eclipse.jetty.servlet.ServletHandler$CachedChain.doFilter(ServletHandler.java:1669)
	at org.eclipse.jetty.servlet.ServletHandler.doHandle(ServletHandler.java:581)
	at org.eclipse.jetty.server.handler.ScopedHandler.handle(ScopedHandler.java:143)
	at org.eclipse.jetty.security.SecurityHandler.handle(SecurityHandler.java:548)
	at org.eclipse.jetty.server.session.SessionHandler.doHandle(SessionHandler.java:226)
	at org.eclipse.jetty.server.handler.ContextHandler.doHandle(ContextHandler.java:1156)
	at org.eclipse.jetty.servlet.ServletHandler.doScope(ServletHandler.java:511)
	at org.eclipse.jetty.server.session.SessionHandler.doScope(SessionHandler.java:185)
	at org.eclipse.jetty.server.handler.ContextHandler.doScope(ContextHandler.java:1088)
	at org.eclipse.jetty.server.handler.ScopedHandler.handle(ScopedHandler.java:141)
	at org.eclipse.jetty.server.handler.ContextHandlerCollection.handle(ContextHandlerCollection.java:213)
	at org.eclipse.jetty.server.handler.HandlerCollection.handle(HandlerCollection.java:109)
	at org.eclipse.jetty.server.handler.HandlerWrapper.handle(HandlerWrapper.java:119)
	at org.eclipse.jetty.server.Server.handle(Server.java:517)
	at org.eclipse.jetty.server.HttpChannel.handle(HttpChannel.java:306)
	at org.eclipse.jetty.server.HttpConnection.onFillable(HttpConnection.java:242)
	at org.eclipse.jetty.io.AbstractConnection$ReadCallback.succeeded(AbstractConnection.java:245)
	at org.eclipse.jetty.io.FillInterest.fillable(FillInterest.java:95)
	at org.eclipse.jetty.io.SelectChannelEndPoint$2.run(SelectChannelEndPoint.java:75)
	at org.eclipse.jetty.util.thread.strategy.ExecuteProduceConsume.produceAndRun(ExecuteProduceConsume.java:213)
	at org.eclipse.jetty.util.thread.strategy.ExecuteProduceConsume.run(ExecuteProduceConsume.java:147)
	at org.eclipse.jetty.util.thread.QueuedThreadPool.runJob(QueuedThreadPool.java:654)
	at org.eclipse.jetty.util.thread.QueuedThreadPool$3.run(QueuedThreadPool.java:572)
	at java.lang.Thread.run(Thread.java:745)
Caused by: java.io.StreamCorruptedException: invalid stream header: 504F4E47
	at java.io.ObjectInputStream.readStreamHeader(ObjectInputStream.java:808)
	at java.io.ObjectInputStream.<init>(ObjectInputStream.java:301)
	at com.gmtool.util.redis.SerializeUtils.deserialize(SerializeUtils.java:29)
	... 31 more
2017-05-22 15:09:02 [ qtp372898106-41:942987 ] - [ ERROR ] Failed to deserialize
java.lang.Exception: Failed to deserialize
	at com.gmtool.util.redis.SerializeUtils.deserialize(SerializeUtils.java:40)
	at com.gmtool.service.impl.RedisServiceImpl.get(RedisServiceImpl.java:112)
	at com.gmtool.service.impl.AuthServiceImpl.findSysRoleById(AuthServiceImpl.java:318)
	at com.gmtool.service.impl.AuthServiceImpl$$FastClassBySpringCGLIB$$b23ab7db.invoke(<generated>)
	at org.springframework.cglib.proxy.MethodProxy.invoke(MethodProxy.java:204)
	at org.springframework.aop.framework.CglibAopProxy$DynamicAdvisedInterceptor.intercept(CglibAopProxy.java:640)
	at com.gmtool.service.impl.AuthServiceImpl$$EnhancerBySpringCGLIB$$7a4d1f29.findSysRoleById(<generated>)
	at com.gmtool.filter.MenuFilter.doFilter(MenuFilter.java:79)
	at org.eclipse.jetty.servlet.ServletHandler$CachedChain.doFilter(ServletHandler.java:1669)
	at org.eclipse.jetty.servlet.ServletHandler.doHandle(ServletHandler.java:581)
	at org.eclipse.jetty.server.handler.ScopedHandler.handle(ScopedHandler.java:143)
	at org.eclipse.jetty.security.SecurityHandler.handle(SecurityHandler.java:548)
	at org.eclipse.jetty.server.session.SessionHandler.doHandle(SessionHandler.java:226)
	at org.eclipse.jetty.server.handler.ContextHandler.doHandle(ContextHandler.java:1156)
	at org.eclipse.jetty.servlet.ServletHandler.doScope(ServletHandler.java:511)
	at org.eclipse.jetty.server.session.SessionHandler.doScope(SessionHandler.java:185)
	at org.eclipse.jetty.server.handler.ContextHandler.doScope(ContextHandler.java:1088)
	at org.eclipse.jetty.server.handler.ScopedHandler.handle(ScopedHandler.java:141)
	at org.eclipse.jetty.server.handler.ContextHandlerCollection.handle(ContextHandlerCollection.java:213)
	at org.eclipse.jetty.server.handler.HandlerCollection.handle(HandlerCollection.java:109)
	at org.eclipse.jetty.server.handler.HandlerWrapper.handle(HandlerWrapper.java:119)
	at org.eclipse.jetty.server.Server.handle(Server.java:517)
	at org.eclipse.jetty.server.HttpChannel.handle(HttpChannel.java:306)
	at org.eclipse.jetty.server.HttpConnection.onFillable(HttpConnection.java:242)
	at org.eclipse.jetty.io.AbstractConnection$ReadCallback.succeeded(AbstractConnection.java:245)
	at org.eclipse.jetty.io.FillInterest.fillable(FillInterest.java:95)
	at org.eclipse.jetty.io.SelectChannelEndPoint$2.run(SelectChannelEndPoint.java:75)
	at org.eclipse.jetty.util.thread.strategy.ExecuteProduceConsume.produceAndRun(ExecuteProduceConsume.java:213)
	at org.eclipse.jetty.util.thread.strategy.ExecuteProduceConsume.run(ExecuteProduceConsume.java:147)
	at org.eclipse.jetty.util.thread.QueuedThreadPool.runJob(QueuedThreadPool.java:654)
	at org.eclipse.jetty.util.thread.QueuedThreadPool$3.run(QueuedThreadPool.java:572)
	at java.lang.Thread.run(Thread.java:745)
Caused by: java.io.StreamCorruptedException: invalid stream header: 504F4E47
	at java.io.ObjectInputStream.readStreamHeader(ObjectInputStream.java:808)
	at java.io.ObjectInputStream.<init>(ObjectInputStream.java:301)
	at com.gmtool.util.redis.SerializeUtils.deserialize(SerializeUtils.java:29)
	... 31 more
